<?xml version="1.0" encoding="UTF-8"?>
<robot generator="Robot 5.0.1 (Python 3.8.10 on linux)" generated="20220925 10:58:26.948" rpa="false" schemaversion="3">
<suite id="s1" name="Tc 16" source="/home/aaron/besquare-deriv/RF/project2_close_acc/tc_16.robot">
<test id="s1-t1" name="TC 16" line="9">
<kw name="Set Selenium Speed" library="SeleniumLibrary">
<arg>0.5</arg>
<doc>Sets the delay that is waited after each Selenium command.</doc>
<status status="PASS" starttime="20220925 10:58:27.028" endtime="20220925 10:58:27.028"/>
</kw>
<kw name="Open Browser" library="SeleniumLibrary">
<arg>https://app.deriv.com/account/closing-account</arg>
<arg>chrome</arg>
<doc>Opens a new browser instance to the optional ``url``.</doc>
<msg timestamp="20220925 10:58:27.028" level="INFO">Opening browser 'chrome' to base url 'https://app.deriv.com/account/closing-account'.</msg>
<status status="PASS" starttime="20220925 10:58:27.028" endtime="20220925 10:59:15.695"/>
</kw>
<kw name="Maximize Browser Window" library="SeleniumLibrary">
<doc>Maximizes current browser window.</doc>
<status status="PASS" starttime="20220925 10:59:15.696" endtime="20220925 10:59:16.303"/>
</kw>
<kw name="Wait Until Page Contains Element" library="SeleniumLibrary">
<arg>//input[@type='email']</arg>
<arg>10</arg>
<doc>Waits until the element ``locator`` appears on the current page.</doc>
<status status="PASS" starttime="20220925 10:59:16.304" endtime="20220925 10:59:31.605"/>
</kw>
<kw name="Input Text" library="SeleniumLibrary">
<arg>//input[@type='email']</arg>
<arg>aaron+4@besquare.com.my</arg>
<doc>Types the given ``text`` into the text field identified by ``locator``.</doc>
<msg timestamp="20220925 10:59:31.606" level="INFO">Typing text 'aaron+4@besquare.com.my' into text field '//input[@type='email']'.</msg>
<status status="PASS" starttime="20220925 10:59:31.606" endtime="20220925 10:59:33.219"/>
</kw>
<kw name="Input Text" library="SeleniumLibrary">
<arg>//input[@type='password']</arg>
<arg>C0rrect_p4ssword</arg>
<doc>Types the given ``text`` into the text field identified by ``locator``.</doc>
<msg timestamp="20220925 10:59:33.220" level="INFO">Typing text 'C0rrect_p4ssword' into text field '//input[@type='password']'.</msg>
<status status="PASS" starttime="20220925 10:59:33.220" endtime="20220925 10:59:34.839"/>
</kw>
<kw name="Click Element" library="SeleniumLibrary">
<arg>//button[@type='submit']</arg>
<doc>Click the element identified by ``locator``.</doc>
<msg timestamp="20220925 10:59:34.840" level="INFO">Clicking element '//button[@type='submit']'.</msg>
<status status="PASS" starttime="20220925 10:59:34.840" endtime="20220925 10:59:50.647"/>
</kw>
<kw name="Wait Until Page Contains Element" library="SeleniumLibrary">
<arg>//p[@class="dc-text closing-account__information--bold"]</arg>
<doc>Waits until the element ``locator`` appears on the current page.</doc>
<status status="PASS" starttime="20220925 10:59:50.648" endtime="20220925 10:59:51.172"/>
</kw>
<kw name="Click Element" library="SeleniumLibrary">
<arg>//button[@class="dc-btn dc-btn--primary dc-btn__large closing-account__button--close-account"]</arg>
<doc>Click the element identified by ``locator``.</doc>
<msg timestamp="20220925 10:59:51.173" level="INFO">Clicking element '//button[@class="dc-btn dc-btn--primary dc-btn__large closing-account__button--close-account"]'.</msg>
<status status="PASS" starttime="20220925 10:59:51.173" endtime="20220925 10:59:52.261"/>
</kw>
<kw name="Wait Until Page Contains Element" library="SeleniumLibrary">
<arg>//p[@class='dc-text closing-account-reasons__title']</arg>
<arg>20</arg>
<doc>Waits until the element ``locator`` appears on the current page.</doc>
<status status="PASS" starttime="20220925 10:59:52.261" endtime="20220925 10:59:52.788"/>
</kw>
<kw name="Click Element" library="SeleniumLibrary">
<arg>//span[contains(string(),'financial priorities')]</arg>
<doc>Click the element identified by ``locator``.</doc>
<msg timestamp="20220925 10:59:52.789" level="INFO">Clicking element '//span[contains(string(),'financial priorities')]'.</msg>
<status status="PASS" starttime="20220925 10:59:52.789" endtime="20220925 10:59:53.881"/>
</kw>
<kw name="Wait Until Page Contains Element" library="SeleniumLibrary">
<arg>//*[@class="dc-icon dc-icon--active"]</arg>
<arg>20</arg>
<doc>Waits until the element ``locator`` appears on the current page.</doc>
<status status="PASS" starttime="20220925 10:59:53.881" endtime="20220925 10:59:54.407"/>
</kw>
<kw name="Input Text" library="SeleniumLibrary">
<arg>//*[@name="other_trading_platforms"]</arg>
<arg>${text}</arg>
<doc>Types the given ``text`` into the text field identified by ``locator``.</doc>
<msg timestamp="20220925 10:59:54.408" level="INFO">Typing text 'abc123' into text field '//*[@name="other_trading_platforms"]'.</msg>
<status status="PASS" starttime="20220925 10:59:54.407" endtime="20220925 10:59:56.052"/>
</kw>
<kw name="Click Element" library="SeleniumLibrary">
<arg>//button[@class="dc-btn dc-btn__effect dc-btn--primary dc-btn__large"]</arg>
<doc>Click the element identified by ``locator``.</doc>
<msg timestamp="20220925 10:59:56.053" level="INFO">Clicking element '//button[@class="dc-btn dc-btn__effect dc-btn--primary dc-btn__large"]'.</msg>
<status status="PASS" starttime="20220925 10:59:56.052" endtime="20220925 10:59:57.166"/>
</kw>
<kw name="Wait Until Page Contains Element" library="SeleniumLibrary">
<arg>//button[span[contains(string(),'Go Back')]]</arg>
<doc>Waits until the element ``locator`` appears on the current page.</doc>
<status status="PASS" starttime="20220925 10:59:57.167" endtime="20220925 10:59:57.696"/>
</kw>
<kw name="Click Element" library="SeleniumLibrary">
<arg>//button[span[contains(string(),'Go Back')]]</arg>
<doc>Click the element identified by ``locator``.</doc>
<msg timestamp="20220925 10:59:57.697" level="INFO">Clicking element '//button[span[contains(string(),'Go Back')]]'.</msg>
<status status="PASS" starttime="20220925 10:59:57.697" endtime="20220925 10:59:58.739"/>
</kw>
<kw name="Wait Until Page Does Not Contain Element" library="SeleniumLibrary">
<arg>//div[span[contains(string(),'Close your account?')]]</arg>
<doc>Waits until the element ``locator`` disappears from the current page.</doc>
<status status="PASS" starttime="20220925 10:59:58.739" endtime="20220925 10:59:59.260"/>
</kw>
<kw name="Close Browser" library="SeleniumLibrary" type="TEARDOWN">
<doc>Closes the current browser.</doc>
<status status="PASS" starttime="20220925 10:59:59.261" endtime="20220925 10:59:59.819"/>
</kw>
<status status="PASS" starttime="20220925 10:58:27.027" endtime="20220925 10:59:59.820"/>
</test>
<status status="PASS" starttime="20220925 10:58:26.948" endtime="20220925 10:59:59.822"/>
</suite>
<statistics>
<total>
<stat pass="1" fail="0" skip="0">All Tests</stat>
</total>
<tag>
</tag>
<suite>
<stat pass="1" fail="0" skip="0" id="s1" name="Tc 16">Tc 16</stat>
</suite>
</statistics>
<errors>
</errors>
</robot>
